1710771575.981776 2024-03-18 15:19:35 MainProcess-585 MainThread-140150485094400 parsl.dataflow.dflow:91 __init__ INFO: Starting DataFlowKernel with config
Config(
    app_cache=True, 
    checkpoint_files=None, 
    checkpoint_mode=None, 
    checkpoint_period=None, 
    executors=(ThreadPoolExecutor(
        label='threads', 
        max_threads=2, 
        storage_access=None, 
        thread_name_prefix='', 
        working_dir=None
    ),), 
    garbage_collect=True, 
    initialize_logging=True, 
    internal_tasks_max_threads=10, 
    max_idletime=120.0, 
    monitoring=None, 
    retries=0, 
    retry_handler=None, 
    run_dir='runinfo', 
    strategy='simple', 
    usage_tracking=False
)
1710771575.982291 2024-03-18 15:19:35 MainProcess-585 MainThread-140150485094400 parsl.dataflow.dflow:93 __init__ INFO: Parsl version: 2024.03.11
1710771575.982474 2024-03-18 15:19:35 MainProcess-585 MainThread-140150485094400 parsl.usage_tracking.usage:111 __init__ DEBUG: Tracking status: False
1710771575.982688 2024-03-18 15:19:35 MainProcess-585 MainThread-140150485094400 parsl.dataflow.dflow:121 __init__ INFO: Run id is: 1e192d29-9e94-44f8-bf28-b047c1ec262f
1710771576.108364 2024-03-18 15:19:36 MainProcess-585 MainThread-140150485094400 parsl.dataflow.dflow:128 __init__ DEBUG: Considering candidate for workflow name: /home/dunjoye/.local/lib/python3.10/site-packages/parsl/dataflow/dflow.py
1710771576.108542 2024-03-18 15:19:36 MainProcess-585 MainThread-140150485094400 parsl.dataflow.dflow:128 __init__ DEBUG: Considering candidate for workflow name: /home/dunjoye/.local/lib/python3.10/site-packages/parsl/dataflow/dflow.py
1710771576.108628 2024-03-18 15:19:36 MainProcess-585 MainThread-140150485094400 parsl.dataflow.dflow:128 __init__ DEBUG: Considering candidate for workflow name: /home/dunjoye/Test/Parsl/example.py
1710771576.108710 2024-03-18 15:19:36 MainProcess-585 MainThread-140150485094400 parsl.dataflow.dflow:134 __init__ DEBUG: Using example.py as workflow name
1710771576.108946 2024-03-18 15:19:36 MainProcess-585 MainThread-140150485094400 parsl.dataflow.memoization:163 __init__ INFO: App caching initialized
1710771576.109048 2024-03-18 15:19:36 MainProcess-585 MainThread-140150485094400 parsl.jobs.strategy:143 __init__ DEBUG: Scaling strategy: simple
1710771576.125721 2024-03-18 15:19:36 MainProcess-585 MainThread-140150485094400 parsl.dataflow.dflow:953 submit DEBUG: Task 0 will be sent to executor threads
1710771576.125982 2024-03-18 15:19:36 MainProcess-585 MainThread-140150485094400 parsl.dataflow.dflow:768 _add_output_deps DEBUG: Adding output dependencies
1710771576.126083 2024-03-18 15:19:36 MainProcess-585 MainThread-140150485094400 parsl.dataflow.dflow:1035 submit INFO: Task 0 submitted for App hello_python, not waiting on any dependency
1710771576.126189 2024-03-18 15:19:36 MainProcess-585 MainThread-140150485094400 parsl.dataflow.dflow:1041 submit DEBUG: Task 0 set to pending state with AppFuture: <AppFuture at 0x7f7750cbddb0 state=pending>
1710771576.126294 2024-03-18 15:19:36 MainProcess-585 MainThread-140150485094400 parsl.dataflow.memoization:222 check_memo DEBUG: Task 0 will not be memoized
1710771576.126897 2024-03-18 15:19:36 MainProcess-585 MainThread-140150485094400 parsl.dataflow.dflow:730 launch_task INFO: Parsl task 0 try 0 launched on executor threads
1710771576.127090 2024-03-18 15:19:36 MainProcess-585 MainThread-140150485094400 parsl.dataflow.dflow:551 _complete_task INFO: Task 0 completed (launched -> exec_done)
1710771576.127772 2024-03-18 15:19:36 MainProcess-585 MainThread-140150485094400 parsl.dataflow.dflow:953 submit DEBUG: Task 1 will be sent to executor threads
1710771576.127958 2024-03-18 15:19:36 MainProcess-585 MainThread-140150485094400 parsl.dataflow.dflow:768 _add_output_deps DEBUG: Adding output dependencies
1710771576.128053 2024-03-18 15:19:36 MainProcess-585 MainThread-140150485094400 parsl.dataflow.dflow:1035 submit INFO: Task 1 submitted for App hello_bash, not waiting on any dependency
1710771576.128150 2024-03-18 15:19:36 MainProcess-585 MainThread-140150485094400 parsl.dataflow.dflow:1041 submit DEBUG: Task 1 set to pending state with AppFuture: <AppFuture at 0x7f7750cbc670 state=pending>
1710771576.128314 2024-03-18 15:19:36 MainProcess-585 MainThread-140150485094400 parsl.dataflow.memoization:222 check_memo DEBUG: Task 1 will not be memoized
1710771576.128429 2024-03-18 15:19:36 MainProcess-585 MainThread-140150485094400 parsl.dataflow.dflow:730 launch_task INFO: Parsl task 1 try 0 launched on executor threads
1710771576.128510 2024-03-18 15:19:36 MainProcess-585 MainThread-140150485094400 parsl.dataflow.dflow:1399 _log_std_streams INFO: Standard output for task 1 available at hello-stdout
1710771576.143751 2024-03-18 15:19:36 MainProcess-585 ThreadPoolExecutor-0_0-140150352840256 parsl.dataflow.dflow:551 _complete_task INFO: Task 1 completed (launched -> exec_done)
1710771576.143985 2024-03-18 15:19:36 MainProcess-585 ThreadPoolExecutor-0_0-140150352840256 parsl.dataflow.dflow:1399 _log_std_streams INFO: Standard output for task 1 available at hello-stdout
1710771576.152086 2024-03-18 15:19:36 MainProcess-585 MainThread-140150485094400 parsl.dataflow.dflow:1149 atexit_cleanup WARNING: Python is exiting with a DFK still running. You should call parsl.dfk().cleanup() before exiting to release any resources
